# JRE version: OpenJDK Runtime Environment (8.0_112-b15) (build 1.8.0_112-b15)
# Java VM: OpenJDK 64-Bit Server VM (25.112-b15 mixed mode linux-amd64 compressed oops)
Heap:
 PSYoungGen      total 232960K, used 58682K [0x00000000eab00000, 0x0000000100000000, 0x0000000100000000)
  eden space 116736K, 0% used [0x00000000eab00000,0x00000000eab00000,0x00000000f1d00000)
  from space 116224K, 50% used [0x00000000f8e80000,0x00000000fc7cea28,0x0000000100000000)
  to   space 116224K, 0% used [0x00000000f1d00000,0x00000000f1d00000,0x00000000f8e80000)
 ParOldGen       total 238080K, used 237622K [0x00000000c0000000, 0x00000000ce880000, 0x00000000eab00000)
  object space 238080K, 99% used [0x00000000c0000000,0x00000000ce80d8c0,0x00000000ce880000)
 Metaspace       used 6830K, capacity 7512K, committed 7680K, reserved 1056768K
  class space    used 626K, capacity 656K, committed 768K, reserved 1048576K
GC Heap History (10 events):
Event: 29,143 GC heap after
Heap after GC invocations=19 (full 3):
 PSYoungGen      total 247296K, used 62218K [0x00000000eab00000, 0x0000000100000000, 0x0000000100000000)
  eden space 152576K, 0% used [0x00000000eab00000,0x00000000eab00000,0x00000000f4000000)
  from space 94720K, 65% used [0x00000000fa380000,0x00000000fe0428e8,0x0000000100000000)
  to   space 98304K, 0% used [0x00000000f4000000,0x00000000f4000000,0x00000000fa000000)
 ParOldGen       total 238080K, used 175749K [0x00000000c0000000, 0x00000000ce880000, 0x00000000eab00000)
  object space 238080K, 73% used [0x00000000c0000000,0x00000000caba1640,0x00000000ce880000)
 Metaspace       used 6521K, capacity 7256K, committed 7424K, reserved 1056768K
  class space    used 608K, capacity 656K, committed 768K, reserved 1048576K
}
Event: 30,527 GC heap before
{Heap before GC invocations=20 (full 3):
 PSYoungGen      total 247296K, used 214794K [0x00000000eab00000, 0x0000000100000000, 0x0000000100000000)
  eden space 152576K, 100% used [0x00000000eab00000,0x00000000f4000000,0x00000000f4000000)
  from space 94720K, 65% used [0x00000000fa380000,0x00000000fe0428e8,0x0000000100000000)
  to   space 98304K, 0% used [0x00000000f4000000,0x00000000f4000000,0x00000000fa000000)
 ParOldGen       total 238080K, used 175749K [0x00000000c0000000, 0x00000000ce880000, 0x00000000eab00000)
  object space 238080K, 73% used [0x00000000c0000000,0x00000000caba1640,0x00000000ce880000)
 Metaspace       used 6522K, capacity 7256K, committed 7424K, reserved 1056768K
  class space    used 608K, capacity 656K, committed 768K, reserved 1048576K
Event: 30,750 GC heap after
Heap after GC invocations=20 (full 3):
 PSYoungGen      total 233984K, used 81402K [0x00000000eab00000, 0x0000000100000000, 0x0000000100000000)
  eden space 152576K, 0% used [0x00000000eab00000,0x00000000eab00000,0x00000000f4000000)
  from space 81408K, 99% used [0x00000000f4000000,0x00000000f8f7ea08,0x00000000f8f80000)
  to   space 108032K, 0% used [0x00000000f9680000,0x00000000f9680000,0x0000000100000000)
 ParOldGen       total 238080K, used 175749K [0x00000000c0000000, 0x00000000ce880000, 0x00000000eab00000)
  object space 238080K, 73% used [0x00000000c0000000,0x00000000caba1640,0x00000000ce880000)
 Metaspace       used 6522K, capacity 7256K, committed 7424K, reserved 1056768K
  class space    used 608K, capacity 656K, committed 768K, reserved 1048576K
}
Event: 31,544 GC heap before
{Heap before GC invocations=21 (full 3):
 PSYoungGen      total 233984K, used 233978K [0x00000000eab00000, 0x0000000100000000, 0x0000000100000000)
  eden space 152576K, 100% used [0x00000000eab00000,0x00000000f4000000,0x00000000f4000000)
  from space 81408K, 99% used [0x00000000f4000000,0x00000000f8f7ea08,0x00000000f8f80000)
  to   space 108032K, 0% used [0x00000000f9680000,0x00000000f9680000,0x0000000100000000)
 ParOldGen       total 238080K, used 175749K [0x00000000c0000000, 0x00000000ce880000, 0x00000000eab00000)
  object space 238080K, 73% used [0x00000000c0000000,0x00000000caba1640,0x00000000ce880000)
 Metaspace       used 6522K, capacity 7256K, committed 7424K, reserved 1056768K
  class space    used 608K, capacity 656K, committed 768K, reserved 1048576K
Event: 31,776 GC heap after
Heap after GC invocations=21 (full 3):
 PSYoungGen      total 224768K, used 100559K [0x00000000eab00000, 0x0000000100000000, 0x0000000100000000)
  eden space 116736K, 0% used [0x00000000eab00000,0x00000000eab00000,0x00000000f1d00000)
  from space 108032K, 93% used [0x00000000f9680000,0x00000000ff8b3e68,0x0000000100000000)
  to   space 116224K, 0% used [0x00000000f1d00000,0x00000000f1d00000,0x00000000f8e80000)
 ParOldGen       total 238080K, used 175757K [0x00000000c0000000, 0x00000000ce880000, 0x00000000eab00000)
  object space 238080K, 73% used [0x00000000c0000000,0x00000000caba3640,0x00000000ce880000)
 Metaspace       used 6522K, capacity 7256K, committed 7424K, reserved 1056768K
  class space    used 608K, capacity 656K, committed 768K, reserved 1048576K
}
Event: 32,280 GC heap before
{Heap before GC invocations=22 (full 3):
 PSYoungGen      total 224768K, used 217295K [0x00000000eab00000, 0x0000000100000000, 0x0000000100000000)
  eden space 116736K, 100% used [0x00000000eab00000,0x00000000f1d00000,0x00000000f1d00000)
  from space 108032K, 93% used [0x00000000f9680000,0x00000000ff8b3e68,0x0000000100000000)
  to   space 116224K, 0% used [0x00000000f1d00000,0x00000000f1d00000,0x00000000f8e80000)
 ParOldGen       total 238080K, used 175757K [0x00000000c0000000, 0x00000000ce880000, 0x00000000eab00000)
  object space 238080K, 73% used [0x00000000c0000000,0x00000000caba3640,0x00000000ce880000)
 Metaspace       used 6524K, capacity 7256K, committed 7424K, reserved 1056768K
  class space    used 608K, capacity 656K, committed 768K, reserved 1048576K
Event: 32,551 GC heap after
Heap after GC invocations=22 (full 3):
 PSYoungGen      total 232960K, used 95527K [0x00000000eab00000, 0x0000000100000000, 0x0000000100000000)
  eden space 116736K, 0% used [0x00000000eab00000,0x00000000eab00000,0x00000000f1d00000)
  from space 116224K, 82% used [0x00000000f1d00000,0x00000000f7a49cf0,0x00000000f8e80000)
  to   space 116224K, 0% used [0x00000000f8e80000,0x00000000f8e80000,0x0000000100000000)
 ParOldGen       total 238080K, used 198281K [0x00000000c0000000, 0x00000000ce880000, 0x00000000eab00000)
  object space 238080K, 83% used [0x00000000c0000000,0x00000000cc1a2710,0x00000000ce880000)
 Metaspace       used 6524K, capacity 7256K, committed 7424K, reserved 1056768K
  class space    used 608K, capacity 656K, committed 768K, reserved 1048576K
}
Event: 34,821 GC heap before
{Heap before GC invocations=23 (full 3):
 PSYoungGen      total 232960K, used 212263K [0x00000000eab00000, 0x0000000100000000, 0x0000000100000000)
  eden space 116736K, 100% used [0x00000000eab00000,0x00000000f1d00000,0x00000000f1d00000)
  from space 116224K, 82% used [0x00000000f1d00000,0x00000000f7a49cf0,0x00000000f8e80000)
  to   space 116224K, 0% used [0x00000000f8e80000,0x00000000f8e80000,0x0000000100000000)
 ParOldGen       total 238080K, used 198281K [0x00000000c0000000, 0x00000000ce880000, 0x00000000eab00000)
  object space 238080K, 83% used [0x00000000c0000000,0x00000000cc1a2710,0x00000000ce880000)
 Metaspace       used 6830K, capacity 7512K, committed 7680K, reserved 1056768K
  class space    used 626K, capacity 656K, committed 768K, reserved 1048576K
Event: 35,094 GC heap after
Heap after GC invocations=23 (full 3):
 PSYoungGen      total 232960K, used 76699K [0x00000000eab00000, 0x0000000100000000, 0x0000000100000000)
  eden space 116736K, 0% used [0x00000000eab00000,0x00000000eab00000,0x00000000f1d00000)
  from space 116224K, 65% used [0x00000000f8e80000,0x00000000fd966f98,0x0000000100000000)
  to   space 116224K, 0% used [0x00000000f1d00000,0x00000000f1d00000,0x00000000f8e80000)
 ParOldGen       total 238080K, used 234683K [0x00000000c0000000, 0x00000000ce880000, 0x00000000eab00000)
  object space 238080K, 98% used [0x00000000c0000000,0x00000000ce52efd8,0x00000000ce880000)
 Metaspace       used 6830K, capacity 7512K, committed 7680K, reserved 1056768K
  class space    used 626K, capacity 656K, committed 768K, reserved 1048576K
}
Event: 35,094 GC heap before
{Heap before GC invocations=24 (full 4):
 PSYoungGen      total 232960K, used 76699K [0x00000000eab00000, 0x0000000100000000, 0x0000000100000000)
  eden space 116736K, 0% used [0x00000000eab00000,0x00000000eab00000,0x00000000f1d00000)
  from space 116224K, 65% used [0x00000000f8e80000,0x00000000fd966f98,0x0000000100000000)
  to   space 116224K, 0% used [0x00000000f1d00000,0x00000000f1d00000,0x00000000f8e80000)
 ParOldGen       total 238080K, used 234683K [0x00000000c0000000, 0x00000000ce880000, 0x00000000eab00000)
  object space 238080K, 98% used [0x00000000c0000000,0x00000000ce52efd8,0x00000000ce880000)
 Metaspace       used 6830K, capacity 7512K, committed 7680K, reserved 1056768K
  class space    used 626K, capacity 656K, committed 768K, reserved 1048576K

