# JRE version: OpenJDK Runtime Environment (8.0_112-b15) (build 1.8.0_112-b15)
# Java VM: OpenJDK 64-Bit Server VM (25.112-b15 mixed mode linux-amd64 compressed oops)
Heap:
 PSYoungGen      total 232960K, used 38106K [0x00000000eab00000, 0x0000000100000000, 0x0000000100000000)
  eden space 116736K, 0% used [0x00000000eab00000,0x00000000eab00000,0x00000000f1d00000)
  from space 116224K, 32% used [0x00000000f1d00000,0x00000000f4236908,0x00000000f8e80000)
  to   space 116224K, 0% used [0x00000000f8e80000,0x00000000f8e80000,0x0000000100000000)
 ParOldGen       total 270336K, used 270113K [0x00000000c0000000, 0x00000000d0800000, 0x00000000eab00000)
  object space 270336K, 99% used [0x00000000c0000000,0x00000000d07c8428,0x00000000d0800000)
 Metaspace       used 6539K, capacity 7256K, committed 7424K, reserved 1056768K
  class space    used 608K, capacity 656K, committed 768K, reserved 1048576K
GC Heap History (10 events):
Event: 96,892 GC heap after
Heap after GC invocations=18 (full 3):
 PSYoungGen      total 241664K, used 58930K [0x00000000eab00000, 0x0000000100000000, 0x0000000100000000)
  eden space 182272K, 0% used [0x00000000eab00000,0x00000000eab00000,0x00000000f5d00000)
  from space 59392K, 99% used [0x00000000f5d00000,0x00000000f968c840,0x00000000f9700000)
  to   space 88576K, 0% used [0x00000000fa980000,0x00000000fa980000,0x0000000100000000)
 ParOldGen       total 270336K, used 168161K [0x00000000c0000000, 0x00000000d0800000, 0x00000000eab00000)
  object space 270336K, 62% used [0x00000000c0000000,0x00000000ca438628,0x00000000d0800000)
 Metaspace       used 6532K, capacity 7256K, committed 7424K, reserved 1056768K
  class space    used 608K, capacity 656K, committed 768K, reserved 1048576K
}
Event: 98,401 GC heap before
{Heap before GC invocations=19 (full 3):
 PSYoungGen      total 241664K, used 241202K [0x00000000eab00000, 0x0000000100000000, 0x0000000100000000)
  eden space 182272K, 100% used [0x00000000eab00000,0x00000000f5d00000,0x00000000f5d00000)
  from space 59392K, 99% used [0x00000000f5d00000,0x00000000f968c840,0x00000000f9700000)
  to   space 88576K, 0% used [0x00000000fa980000,0x00000000fa980000,0x0000000100000000)
 ParOldGen       total 270336K, used 168161K [0x00000000c0000000, 0x00000000d0800000, 0x00000000eab00000)
  object space 270336K, 62% used [0x00000000c0000000,0x00000000ca438628,0x00000000d0800000)
 Metaspace       used 6536K, capacity 7256K, committed 7424K, reserved 1056768K
  class space    used 608K, capacity 656K, committed 768K, reserved 1048576K
Event: 98,701 GC heap after
Heap after GC invocations=19 (full 3):
 PSYoungGen      total 232960K, used 86983K [0x00000000eab00000, 0x0000000100000000, 0x0000000100000000)
  eden space 144384K, 0% used [0x00000000eab00000,0x00000000eab00000,0x00000000f3800000)
  from space 88576K, 98% used [0x00000000fa980000,0x00000000ffe71f50,0x0000000100000000)
  to   space 102400K, 0% used [0x00000000f3800000,0x00000000f3800000,0x00000000f9c00000)
 ParOldGen       total 270336K, used 168161K [0x00000000c0000000, 0x00000000d0800000, 0x00000000eab00000)
  object space 270336K, 62% used [0x00000000c0000000,0x00000000ca438628,0x00000000d0800000)
 Metaspace       used 6536K, capacity 7256K, committed 7424K, reserved 1056768K
  class space    used 608K, capacity 656K, committed 768K, reserved 1048576K
}
Event: 99,612 GC heap before
{Heap before GC invocations=20 (full 3):
 PSYoungGen      total 232960K, used 231367K [0x00000000eab00000, 0x0000000100000000, 0x0000000100000000)
  eden space 144384K, 100% used [0x00000000eab00000,0x00000000f3800000,0x00000000f3800000)
  from space 88576K, 98% used [0x00000000fa980000,0x00000000ffe71f50,0x0000000100000000)
  to   space 102400K, 0% used [0x00000000f3800000,0x00000000f3800000,0x00000000f9c00000)
 ParOldGen       total 270336K, used 168161K [0x00000000c0000000, 0x00000000d0800000, 0x00000000eab00000)
  object space 270336K, 62% used [0x00000000c0000000,0x00000000ca438628,0x00000000d0800000)
 Metaspace       used 6536K, capacity 7256K, committed 7424K, reserved 1056768K
  class space    used 608K, capacity 656K, committed 768K, reserved 1048576K
Event: 99,838 GC heap after
Heap after GC invocations=20 (full 3):
 PSYoungGen      total 246784K, used 102398K [0x00000000eab00000, 0x0000000100000000, 0x0000000100000000)
  eden space 144384K, 0% used [0x00000000eab00000,0x00000000eab00000,0x00000000f3800000)
  from space 102400K, 99% used [0x00000000f3800000,0x00000000f9bff838,0x00000000f9c00000)
  to   space 102400K, 0% used [0x00000000f9c00000,0x00000000f9c00000,0x0000000100000000)
 ParOldGen       total 270336K, used 170679K [0x00000000c0000000, 0x00000000d0800000, 0x00000000eab00000)
  object space 270336K, 63% used [0x00000000c0000000,0x00000000ca6adca0,0x00000000d0800000)
 Metaspace       used 6536K, capacity 7256K, committed 7424K, reserved 1056768K
  class space    used 608K, capacity 656K, committed 768K, reserved 1048576K
}
Event: 100,688 GC heap before
{Heap before GC invocations=21 (full 3):
 PSYoungGen      total 246784K, used 246782K [0x00000000eab00000, 0x0000000100000000, 0x0000000100000000)
  eden space 144384K, 100% used [0x00000000eab00000,0x00000000f3800000,0x00000000f3800000)
  from space 102400K, 99% used [0x00000000f3800000,0x00000000f9bff838,0x00000000f9c00000)
  to   space 102400K, 0% used [0x00000000f9c00000,0x00000000f9c00000,0x0000000100000000)
 ParOldGen       total 270336K, used 170679K [0x00000000c0000000, 0x00000000d0800000, 0x00000000eab00000)
  object space 270336K, 63% used [0x00000000c0000000,0x00000000ca6adca0,0x00000000d0800000)
 Metaspace       used 6536K, capacity 7256K, committed 7424K, reserved 1056768K
  class space    used 608K, capacity 656K, committed 768K, reserved 1048576K
Event: 101,005 GC heap after
Heap after GC invocations=21 (full 3):
 PSYoungGen      total 219136K, used 90682K [0x00000000eab00000, 0x0000000100000000, 0x0000000100000000)
  eden space 116736K, 0% used [0x00000000eab00000,0x00000000eab00000,0x00000000f1d00000)
  from space 102400K, 88% used [0x00000000f9c00000,0x00000000ff48ebd8,0x0000000100000000)
  to   space 116224K, 0% used [0x00000000f1d00000,0x00000000f1d00000,0x00000000f8e80000)
 ParOldGen       total 270336K, used 205296K [0x00000000c0000000, 0x00000000d0800000, 0x00000000eab00000)
  object space 270336K, 75% used [0x00000000c0000000,0x00000000cc87c130,0x00000000d0800000)
 Metaspace       used 6536K, capacity 7256K, committed 7424K, reserved 1056768K
  class space    used 608K, capacity 656K, committed 768K, reserved 1048576K
}
Event: 101,726 GC heap before
{Heap before GC invocations=22 (full 3):
 PSYoungGen      total 219136K, used 207418K [0x00000000eab00000, 0x0000000100000000, 0x0000000100000000)
  eden space 116736K, 100% used [0x00000000eab00000,0x00000000f1d00000,0x00000000f1d00000)
  from space 102400K, 88% used [0x00000000f9c00000,0x00000000ff48ebd8,0x0000000100000000)
  to   space 116224K, 0% used [0x00000000f1d00000,0x00000000f1d00000,0x00000000f8e80000)
 ParOldGen       total 270336K, used 205296K [0x00000000c0000000, 0x00000000d0800000, 0x00000000eab00000)
  object space 270336K, 75% used [0x00000000c0000000,0x00000000cc87c130,0x00000000d0800000)
 Metaspace       used 6539K, capacity 7256K, committed 7424K, reserved 1056768K
  class space    used 608K, capacity 656K, committed 768K, reserved 1048576K
Event: 102,083 GC heap after
Heap after GC invocations=22 (full 3):
 PSYoungGen      total 232960K, used 58487K [0x00000000eab00000, 0x0000000100000000, 0x0000000100000000)
  eden space 116736K, 0% used [0x00000000eab00000,0x00000000eab00000,0x00000000f1d00000)
  from space 116224K, 50% used [0x00000000f1d00000,0x00000000f561dd78,0x00000000f8e80000)
  to   space 116224K, 0% used [0x00000000f8e80000,0x00000000f8e80000,0x0000000100000000)
 ParOldGen       total 270336K, used 254419K [0x00000000c0000000, 0x00000000d0800000, 0x00000000eab00000)
  object space 270336K, 94% used [0x00000000c0000000,0x00000000cf874c78,0x00000000d0800000)
 Metaspace       used 6539K, capacity 7256K, committed 7424K, reserved 1056768K
  class space    used 608K, capacity 656K, committed 768K, reserved 1048576K
}
Event: 102,083 GC heap before
{Heap before GC invocations=23 (full 4):
 PSYoungGen      total 232960K, used 58487K [0x00000000eab00000, 0x0000000100000000, 0x0000000100000000)
  eden space 116736K, 0% used [0x00000000eab00000,0x00000000eab00000,0x00000000f1d00000)
  from space 116224K, 50% used [0x00000000f1d00000,0x00000000f561dd78,0x00000000f8e80000)
  to   space 116224K, 0% used [0x00000000f8e80000,0x00000000f8e80000,0x0000000100000000)
 ParOldGen       total 270336K, used 254419K [0x00000000c0000000, 0x00000000d0800000, 0x00000000eab00000)
  object space 270336K, 94% used [0x00000000c0000000,0x00000000cf874c78,0x00000000d0800000)
 Metaspace       used 6539K, capacity 7256K, committed 7424K, reserved 1056768K
  class space    used 608K, capacity 656K, committed 768K, reserved 1048576K

