# JRE version: OpenJDK Runtime Environment (8.0_112-b15) (build 1.8.0_112-b15)
# Java VM: OpenJDK 64-Bit Server VM (25.112-b15 mixed mode linux-amd64 compressed oops)
Heap:
 PSYoungGen      total 272384K, used 28316K [0x00000000eab00000, 0x0000000100000000, 0x0000000100000000)
  eden space 212480K, 0% used [0x00000000eab00000,0x00000000eab00000,0x00000000f7a80000)
  from space 59904K, 47% used [0x00000000f7a80000,0x00000000f9627130,0x00000000fb500000)
  to   space 65024K, 0% used [0x00000000fc080000,0x00000000fc080000,0x0000000100000000)
 ParOldGen       total 135168K, used 135049K [0x00000000c0000000, 0x00000000c8400000, 0x00000000eab00000)
  object space 135168K, 99% used [0x00000000c0000000,0x00000000c83e2580,0x00000000c8400000)
 Metaspace       used 6529K, capacity 7256K, committed 7424K, reserved 1056768K
  class space    used 608K, capacity 656K, committed 768K, reserved 1048576K
GC Heap History (10 events):
Event: 11,946 GC heap after
Heap after GC invocations=13 (full 1):
 PSYoungGen      total 229888K, used 35453K [0x00000000eab00000, 0x00000000fe600000, 0x0000000100000000)
  eden space 192000K, 0% used [0x00000000eab00000,0x00000000eab00000,0x00000000f6680000)
  from space 37888K, 93% used [0x00000000f9100000,0x00000000fb39f508,0x00000000fb600000)
  to   space 43520K, 0% used [0x00000000f6680000,0x00000000f6680000,0x00000000f9100000)
 ParOldGen       total 78336K, used 65247K [0x00000000c0000000, 0x00000000c4c80000, 0x00000000eab00000)
  object space 78336K, 83% used [0x00000000c0000000,0x00000000c3fb7ed0,0x00000000c4c80000)
 Metaspace       used 6426K, capacity 7192K, committed 7424K, reserved 1056768K
  class space    used 606K, capacity 656K, committed 768K, reserved 1048576K
}
Event: 11,946 GC heap before
{Heap before GC invocations=14 (full 2):
 PSYoungGen      total 229888K, used 35453K [0x00000000eab00000, 0x00000000fe600000, 0x0000000100000000)
  eden space 192000K, 0% used [0x00000000eab00000,0x00000000eab00000,0x00000000f6680000)
  from space 37888K, 93% used [0x00000000f9100000,0x00000000fb39f508,0x00000000fb600000)
  to   space 43520K, 0% used [0x00000000f6680000,0x00000000f6680000,0x00000000f9100000)
 ParOldGen       total 78336K, used 65247K [0x00000000c0000000, 0x00000000c4c80000, 0x00000000eab00000)
  object space 78336K, 83% used [0x00000000c0000000,0x00000000c3fb7ed0,0x00000000c4c80000)
 Metaspace       used 6426K, capacity 7192K, committed 7424K, reserved 1056768K
  class space    used 606K, capacity 656K, committed 768K, reserved 1048576K
Event: 14,366 GC heap after
Heap after GC invocations=14 (full 2):
 PSYoungGen      total 229888K, used 11664K [0x00000000eab00000, 0x00000000fe600000, 0x0000000100000000)
  eden space 192000K, 0% used [0x00000000eab00000,0x00000000eab00000,0x00000000f6680000)
  from space 37888K, 30% used [0x00000000f9100000,0x00000000f9c643f8,0x00000000fb600000)
  to   space 43520K, 0% used [0x00000000f6680000,0x00000000f6680000,0x00000000f9100000)
 ParOldGen       total 135168K, used 78272K [0x00000000c0000000, 0x00000000c8400000, 0x00000000eab00000)
  object space 135168K, 57% used [0x00000000c0000000,0x00000000c4c70240,0x00000000c8400000)
 Metaspace       used 6426K, capacity 7192K, committed 7424K, reserved 1056768K
  class space    used 606K, capacity 656K, committed 768K, reserved 1048576K
}
Event: 15,850 GC heap before
{Heap before GC invocations=15 (full 2):
 PSYoungGen      total 229888K, used 203664K [0x00000000eab00000, 0x00000000fe600000, 0x0000000100000000)
  eden space 192000K, 100% used [0x00000000eab00000,0x00000000f6680000,0x00000000f6680000)
  from space 37888K, 30% used [0x00000000f9100000,0x00000000f9c643f8,0x00000000fb600000)
  to   space 43520K, 0% used [0x00000000f6680000,0x00000000f6680000,0x00000000f9100000)
 ParOldGen       total 135168K, used 78272K [0x00000000c0000000, 0x00000000c8400000, 0x00000000eab00000)
  object space 135168K, 57% used [0x00000000c0000000,0x00000000c4c70240,0x00000000c8400000)
 Metaspace       used 6484K, capacity 7192K, committed 7424K, reserved 1056768K
  class space    used 606K, capacity 656K, committed 768K, reserved 1048576K
Event: 16,075 GC heap after
Heap after GC invocations=15 (full 2):
 PSYoungGen      total 235520K, used 36202K [0x00000000eab00000, 0x00000000fe400000, 0x0000000100000000)
  eden space 192000K, 0% used [0x00000000eab00000,0x00000000eab00000,0x00000000f6680000)
  from space 43520K, 83% used [0x00000000f6680000,0x00000000f89dab28,0x00000000f9100000)
  to   space 48128K, 0% used [0x00000000fb500000,0x00000000fb500000,0x00000000fe400000)
 ParOldGen       total 135168K, used 81187K [0x00000000c0000000, 0x00000000c8400000, 0x00000000eab00000)
  object space 135168K, 60% used [0x00000000c0000000,0x00000000c4f48e40,0x00000000c8400000)
 Metaspace       used 6484K, capacity 7192K, committed 7424K, reserved 1056768K
  class space    used 606K, capacity 656K, committed 768K, reserved 1048576K
}
Event: 17,200 GC heap before
{Heap before GC invocations=16 (full 2):
 PSYoungGen      total 235520K, used 228202K [0x00000000eab00000, 0x00000000fe400000, 0x0000000100000000)
  eden space 192000K, 100% used [0x00000000eab00000,0x00000000f6680000,0x00000000f6680000)
  from space 43520K, 83% used [0x00000000f6680000,0x00000000f89dab28,0x00000000f9100000)
  to   space 48128K, 0% used [0x00000000fb500000,0x00000000fb500000,0x00000000fe400000)
 ParOldGen       total 135168K, used 81187K [0x00000000c0000000, 0x00000000c8400000, 0x00000000eab00000)
  object space 135168K, 60% used [0x00000000c0000000,0x00000000c4f48e40,0x00000000c8400000)
 Metaspace       used 6506K, capacity 7192K, committed 7424K, reserved 1056768K
  class space    used 606K, capacity 656K, committed 768K, reserved 1048576K
Event: 17,497 GC heap after
Heap after GC invocations=16 (full 2):
 PSYoungGen      total 260608K, used 48103K [0x00000000eab00000, 0x0000000100000000, 0x0000000100000000)
  eden space 212480K, 0% used [0x00000000eab00000,0x00000000eab00000,0x00000000f7a80000)
  from space 48128K, 99% used [0x00000000fb500000,0x00000000fe3f9e38,0x00000000fe400000)
  to   space 59904K, 0% used [0x00000000f7a80000,0x00000000f7a80000,0x00000000fb500000)
 ParOldGen       total 135168K, used 90744K [0x00000000c0000000, 0x00000000c8400000, 0x00000000eab00000)
  object space 135168K, 67% used [0x00000000c0000000,0x00000000c589e320,0x00000000c8400000)
 Metaspace       used 6506K, capacity 7192K, committed 7424K, reserved 1056768K
  class space    used 606K, capacity 656K, committed 768K, reserved 1048576K
}
Event: 18,750 GC heap before
{Heap before GC invocations=17 (full 2):
 PSYoungGen      total 260608K, used 260583K [0x00000000eab00000, 0x0000000100000000, 0x0000000100000000)
  eden space 212480K, 100% used [0x00000000eab00000,0x00000000f7a80000,0x00000000f7a80000)
  from space 48128K, 99% used [0x00000000fb500000,0x00000000fe3f9e38,0x00000000fe400000)
  to   space 59904K, 0% used [0x00000000f7a80000,0x00000000f7a80000,0x00000000fb500000)
 ParOldGen       total 135168K, used 90744K [0x00000000c0000000, 0x00000000c8400000, 0x00000000eab00000)
  object space 135168K, 67% used [0x00000000c0000000,0x00000000c589e320,0x00000000c8400000)
 Metaspace       used 6529K, capacity 7256K, committed 7424K, reserved 1056768K
  class space    used 608K, capacity 656K, committed 768K, reserved 1048576K
Event: 18,942 GC heap after
Heap after GC invocations=17 (full 2):
 PSYoungGen      total 272384K, used 45581K [0x00000000eab00000, 0x0000000100000000, 0x0000000100000000)
  eden space 212480K, 0% used [0x00000000eab00000,0x00000000eab00000,0x00000000f7a80000)
  from space 59904K, 76% used [0x00000000f7a80000,0x00000000fa703710,0x00000000fb500000)
  to   space 65024K, 0% used [0x00000000fc080000,0x00000000fc080000,0x0000000100000000)
 ParOldGen       total 135168K, used 121903K [0x00000000c0000000, 0x00000000c8400000, 0x00000000eab00000)
  object space 135168K, 90% used [0x00000000c0000000,0x00000000c770be20,0x00000000c8400000)
 Metaspace       used 6529K, capacity 7256K, committed 7424K, reserved 1056768K
  class space    used 608K, capacity 656K, committed 768K, reserved 1048576K
}
Event: 18,942 GC heap before
{Heap before GC invocations=18 (full 3):
 PSYoungGen      total 272384K, used 45581K [0x00000000eab00000, 0x0000000100000000, 0x0000000100000000)
  eden space 212480K, 0% used [0x00000000eab00000,0x00000000eab00000,0x00000000f7a80000)
  from space 59904K, 76% used [0x00000000f7a80000,0x00000000fa703710,0x00000000fb500000)
  to   space 65024K, 0% used [0x00000000fc080000,0x00000000fc080000,0x0000000100000000)
 ParOldGen       total 135168K, used 121903K [0x00000000c0000000, 0x00000000c8400000, 0x00000000eab00000)
  object space 135168K, 90% used [0x00000000c0000000,0x00000000c770be20,0x00000000c8400000)
 Metaspace       used 6529K, capacity 7256K, committed 7424K, reserved 1056768K
  class space    used 608K, capacity 656K, committed 768K, reserved 1048576K

